[2019-08-07 15:27:08,945],[MainThread:10620],[task_id:测试],[exercise(学生系统2.0).py:25][DEBUG],[选择操作是1],
[2019-08-07 15:27:51,552],[MainThread:10620],[task_id:测试],[exercise(学生系统2.0).py:25][DEBUG],[选择操作是6],
[2019-08-07 15:35:20,120],[MainThread:3052],[task_id:测试],[exercise(学生系统2.0).py:33][INFO],[选择操作是,1>>>>添加学生],
[2019-08-07 15:36:47,624],[MainThread:3052],[task_id:测试],[exercise(学生系统2.0).py:33][INFO],[选择操作是,4>>>>查找学生],
[2019-08-07 15:50:12,264],[MainThread:14304],[task_id:测试],[exercise(学生系统2.0).py:33][INFO],[选择操作是,1>>>>添加学生],
[2019-08-07 15:50:46,744],[MainThread:14304],[task_id:测试],[exercise(学生系统2.0).py:33][INFO],[选择操作是,4>>>>查找学生],
[2019-08-07 15:50:58,544],[MainThread:14304],[task_id:测试],[exercise(学生系统2.0).py:33][INFO],[选择操作是,1>>>>添加学生],
[2019-08-07 15:51:26,257],[MainThread:14304],[task_id:测试],[exercise(学生系统2.0).py:33][INFO],[选择操作是,5>>>>显示学生],
[2019-08-07 15:51:30,911],[MainThread:14304],[task_id:测试],[exercise(学生系统2.0).py:33][INFO],[选择操作是,1>>>>添加学生],
[2019-08-07 15:51:58,784],[MainThread:14304],[task_id:测试],[exercise(学生系统2.0).py:33][INFO],[选择操作是,5>>>>显示学生],
[2019-08-07 15:52:11,312],[MainThread:14304],[task_id:测试],[exercise(学生系统2.0).py:33][INFO],[选择操作是,2>>>>删除学生],
[2019-08-07 15:52:33,169],[MainThread:14304],[task_id:测试],[exercise(学生系统2.0).py:33][INFO],[选择操作是,5>>>>显示学生],
[2019-08-07 15:52:42,353],[MainThread:14304],[task_id:测试],[exercise(学生系统2.0).py:33][INFO],[选择操作是,6>>>>退出系统],
[2019-08-07 17:35:34,307],[MainThread:5736],[task_id:测试_1],[call_logging.py:13][DEBUG],[start range... time:1565170534.3071153],
[2019-08-07 17:35:34,307],[MainThread:5736],[task_id:测试_1],[call_logging.py:14][INFO],[中文测试开始,,,],
[2019-08-07 17:35:34,307],[MainThread:5736],[task_id:测试_1],[call_logging.py:16][DEBUG],[i:0],
[2019-08-07 17:35:34,508],[MainThread:5736],[task_id:测试_1],[call_logging.py:16][DEBUG],[i:1],
[2019-08-07 17:35:34,708],[MainThread:5736],[task_id:测试_1],[call_logging.py:16][DEBUG],[i:2],
[2019-08-07 17:35:34,909],[MainThread:5736],[task_id:测试_1],[call_logging.py:16][DEBUG],[i:3],
[2019-08-07 17:35:35,109],[MainThread:5736],[task_id:测试_1],[call_logging.py:16][DEBUG],[i:4],
[2019-08-07 17:35:35,309],[MainThread:5736],[task_id:测试_1],[call_logging.py:16][DEBUG],[i:5],
[2019-08-07 17:35:35,510],[MainThread:5736],[task_id:测试_1],[call_logging.py:16][DEBUG],[i:6],
[2019-08-07 17:35:35,711],[MainThread:5736],[task_id:测试_1],[call_logging.py:16][DEBUG],[i:7],
[2019-08-07 17:35:35,912],[MainThread:5736],[task_id:测试_1],[call_logging.py:16][DEBUG],[i:8],
[2019-08-07 17:35:36,112],[MainThread:5736],[task_id:测试_1],[call_logging.py:16][DEBUG],[i:9],
[2019-08-07 17:35:36,313],[MainThread:5736],[task_id:测试_1],[call_logging.py:19][DEBUG],[over range... time:1565170536.3132384],
[2019-08-07 17:35:36,313],[MainThread:5736],[task_id:测试_1],[call_logging.py:20][INFO],[中文测试结束,,,],
[2021-12-28 10:54:20,964],[MainThread:4345775616],[task_id:output_log],[logging_dome.py:81][INFO],[It works!],
[2021-12-28 10:56:44,737],[MainThread:4598666752],[task_id:log_name],[logging_dome.py:81][INFO],[It works!],
[2021-12-28 11:04:06,943],[MainThread:4330432000],[task_id:学生系统],[exercise_student_system.py:32][INFO],[用户选择的操作是·4>>>>查找学生],
[2021-12-28 11:04:22,832],[MainThread:4330432000],[task_id:学生系统],[exercise_student_system.py:82][INFO],[用户输入信息为·jack],
[2021-12-28 11:04:29,013],[MainThread:4330432000],[task_id:学生系统],[exercise_student_system.py:82][INFO],[用户输入信息为·1],
[2021-12-28 11:04:31,477],[MainThread:4330432000],[task_id:学生系统],[exercise_student_system.py:82][INFO],[用户输入信息为·q],
[2021-12-28 11:04:36,994],[MainThread:4330432000],[task_id:学生系统],[exercise_student_system.py:82][INFO],[用户输入信息为·q],
[2021-12-28 11:04:48,422],[MainThread:4330432000],[task_id:学生系统],[exercise_student_system.py:82][INFO],[用户输入信息为·Q],
[2021-12-28 11:07:40,572],[MainThread:4778370560],[task_id:学生系统],[exercise_student_system.py:32][INFO],[用户选择的操作是·1>>>>添加学生],
[2021-12-28 11:07:54,002],[MainThread:4778370560],[task_id:学生系统],[exercise_student_system.py:47][INFO],[successfully added],
[2021-12-28 11:08:04,715],[MainThread:4778370560],[task_id:学生系统],[exercise_student_system.py:32][INFO],[用户选择的操作是·2>>>>删除学生],
[2021-12-28 11:08:09,688],[MainThread:4778370560],[task_id:学生系统],[exercise_student_system.py:54][INFO],[用户输入的信息为·q],
[2021-12-28 11:10:33,866],[MainThread:4522214912],[task_id:学生系统],[exercise_student_system.py:32][INFO],[用户选择的操作是·4>>>>查找学生],
[2021-12-28 11:10:35,858],[MainThread:4522214912],[task_id:学生系统],[exercise_student_system.py:82][INFO],[用户输入信息为·q],
[2021-12-28 11:12:49,041],[MainThread:4414375424],[task_id:学生系统],[exercise_student_system.py:32][INFO],[用户选择的操作是·4>>>>查找学生],
[2021-12-28 11:12:56,898],[MainThread:4414375424],[task_id:学生系统],[exercise_student_system.py:82][INFO],[用户输入信息为·q],
[2021-12-28 11:15:00,515],[MainThread:4528408064],[task_id:学生系统],[exercise_student_system.py:32][INFO],[用户选择的操作是·4>>>>查找学生],
[2021-12-28 11:15:03,895],[MainThread:4528408064],[task_id:学生系统],[exercise_student_system.py:82][INFO],[用户输入信息为·q],
[2021-12-28 11:16:03,506],[MainThread:4554663424],[task_id:学生系统],[exercise_student_system.py:32][INFO],[用户选择的操作是·4>>>>查找学生],
[2021-12-28 11:16:04,653],[MainThread:4554663424],[task_id:学生系统],[exercise_student_system.py:82][INFO],[用户输入信息为·q],
[2021-12-28 11:30:28,690],[MainThread:4800079360],[task_id:学生系统],[exercise_student_system.py:35][INFO],[用户选择的操作是·1>>>>添加学生],
[2021-12-28 11:30:42,071],[MainThread:4800079360],[task_id:学生系统],[exercise_student_system.py:50][INFO],[successfully added],
[2021-12-28 11:30:46,307],[MainThread:4800079360],[task_id:学生系统],[exercise_student_system.py:35][INFO],[用户选择的操作是·4>>>>查找学生],
[2021-12-28 11:30:49,015],[MainThread:4800079360],[task_id:学生系统],[exercise_student_system.py:85][INFO],[用户输入信息为·tom],
[2021-12-28 11:30:55,179],[MainThread:4800079360],[task_id:学生系统],[exercise_student_system.py:85][INFO],[用户输入信息为·q],
[2021-12-28 11:31:36,496],[MainThread:4557673984],[task_id:学生系统],[exercise_student_system.py:35][INFO],[用户选择的操作是·6>>>>退出系统],
